{
  "stats": {
    "submitted": 5,
    "finished": 5,
    "running": 0
  },
  "data": [
    [
      1,
      null,
      209652396,
      null,
      [
        Infinity,
        Infinity,
        Infinity
      ],
      0.0,
      2,
      1706650999.764338,
      1706651000.30145,
      {
        "traceback": "Traceback (most recent call last):\n  File \"/Users/andreamaldonado/miniconda3/envs/tag/lib/python3.9/site-packages/smac/runner/target_function_runner.py\", line 184, in run\n    rval = self(config_copy, target_function, kwargs)\n  File \"/Users/andreamaldonado/miniconda3/envs/tag/lib/python3.9/site-packages/smac/runner/target_function_runner.py\", line 257, in __call__\n    return algorithm(config, **algorithm_kwargs)\n  File \"/Users/andreamaldonado/git_tree/tag/tag/generator.py\", line 145, in gen_log\n    return self.eval_log(log)\n  File \"/Users/andreamaldonado/git_tree/tag/tag/generator.py\", line 186, in eval_log\n    mtfs = self.compute_metafeatures(log)\n  File \"/Users/andreamaldonado/git_tree/tag/tag/generator.py\", line 181, in compute_metafeatures\n    ft_type = feature_type(ft_name)\n  File \"/Users/andreamaldonado/miniconda3/envs/tag/lib/python3.9/site-packages/feeed/feature_extractor.py\", line 36, in feature_type\n    raise ValueError(f\"ERROR: Invalid value for feature_key argument: {feature_name}. See README.md for \" +\nValueError: ERROR: Invalid value for feature_key argument: normalized_sequence_entropy_exponentg. See README.md for supported feature_names or use a sublist of the following: ['simple_stats', 'trace_length', 'trace_variant', 'activities', 'start_activities', 'end_activities', 'entropies', 'complexity', 'time_based'] or None\n",
        "error": "ValueError(\"ERROR: Invalid value for feature_key argument: normalized_sequence_entropy_exponentg. See README.md for supported feature_names or use a sublist of the following: ['simple_stats', 'trace_length', 'trace_variant', 'activities', 'start_activities', 'end_activities', 'entropies', 'complexity', 'time_based'] or None\")"
      }
    ],
    [
      2,
      null,
      209652396,
      null,
      [
        Infinity,
        Infinity,
        Infinity
      ],
      0.0,
      2,
      1706651000.430203,
      1706651000.660245,
      {
        "traceback": "Traceback (most recent call last):\n  File \"/Users/andreamaldonado/miniconda3/envs/tag/lib/python3.9/site-packages/smac/runner/target_function_runner.py\", line 184, in run\n    rval = self(config_copy, target_function, kwargs)\n  File \"/Users/andreamaldonado/miniconda3/envs/tag/lib/python3.9/site-packages/smac/runner/target_function_runner.py\", line 257, in __call__\n    return algorithm(config, **algorithm_kwargs)\n  File \"/Users/andreamaldonado/git_tree/tag/tag/generator.py\", line 145, in gen_log\n    return self.eval_log(log)\n  File \"/Users/andreamaldonado/git_tree/tag/tag/generator.py\", line 186, in eval_log\n    mtfs = self.compute_metafeatures(log)\n  File \"/Users/andreamaldonado/git_tree/tag/tag/generator.py\", line 181, in compute_metafeatures\n    ft_type = feature_type(ft_name)\n  File \"/Users/andreamaldonado/miniconda3/envs/tag/lib/python3.9/site-packages/feeed/feature_extractor.py\", line 36, in feature_type\n    raise ValueError(f\"ERROR: Invalid value for feature_key argument: {feature_name}. See README.md for \" +\nValueError: ERROR: Invalid value for feature_key argument: normalized_sequence_entropy_exponentg. See README.md for supported feature_names or use a sublist of the following: ['simple_stats', 'trace_length', 'trace_variant', 'activities', 'start_activities', 'end_activities', 'entropies', 'complexity', 'time_based'] or None\n",
        "error": "ValueError(\"ERROR: Invalid value for feature_key argument: normalized_sequence_entropy_exponentg. See README.md for supported feature_names or use a sublist of the following: ['simple_stats', 'trace_length', 'trace_variant', 'activities', 'start_activities', 'end_activities', 'entropies', 'complexity', 'time_based'] or None\")"
      }
    ],
    [
      3,
      null,
      209652396,
      null,
      [
        Infinity,
        Infinity,
        Infinity
      ],
      0.0,
      2,
      1706651000.662899,
      1706651000.992873,
      {
        "traceback": "Traceback (most recent call last):\n  File \"/Users/andreamaldonado/miniconda3/envs/tag/lib/python3.9/site-packages/smac/runner/target_function_runner.py\", line 184, in run\n    rval = self(config_copy, target_function, kwargs)\n  File \"/Users/andreamaldonado/miniconda3/envs/tag/lib/python3.9/site-packages/smac/runner/target_function_runner.py\", line 257, in __call__\n    return algorithm(config, **algorithm_kwargs)\n  File \"/Users/andreamaldonado/git_tree/tag/tag/generator.py\", line 145, in gen_log\n    return self.eval_log(log)\n  File \"/Users/andreamaldonado/git_tree/tag/tag/generator.py\", line 186, in eval_log\n    mtfs = self.compute_metafeatures(log)\n  File \"/Users/andreamaldonado/git_tree/tag/tag/generator.py\", line 181, in compute_metafeatures\n    ft_type = feature_type(ft_name)\n  File \"/Users/andreamaldonado/miniconda3/envs/tag/lib/python3.9/site-packages/feeed/feature_extractor.py\", line 36, in feature_type\n    raise ValueError(f\"ERROR: Invalid value for feature_key argument: {feature_name}. See README.md for \" +\nValueError: ERROR: Invalid value for feature_key argument: normalized_sequence_entropy_exponentg. See README.md for supported feature_names or use a sublist of the following: ['simple_stats', 'trace_length', 'trace_variant', 'activities', 'start_activities', 'end_activities', 'entropies', 'complexity', 'time_based'] or None\n",
        "error": "ValueError(\"ERROR: Invalid value for feature_key argument: normalized_sequence_entropy_exponentg. See README.md for supported feature_names or use a sublist of the following: ['simple_stats', 'trace_length', 'trace_variant', 'activities', 'start_activities', 'end_activities', 'entropies', 'complexity', 'time_based'] or None\")"
      }
    ],
    [
      4,
      null,
      209652396,
      null,
      [
        Infinity,
        Infinity,
        Infinity
      ],
      0.0,
      2,
      1706651000.995462,
      1706651001.331268,
      {
        "traceback": "Traceback (most recent call last):\n  File \"/Users/andreamaldonado/miniconda3/envs/tag/lib/python3.9/site-packages/smac/runner/target_function_runner.py\", line 184, in run\n    rval = self(config_copy, target_function, kwargs)\n  File \"/Users/andreamaldonado/miniconda3/envs/tag/lib/python3.9/site-packages/smac/runner/target_function_runner.py\", line 257, in __call__\n    return algorithm(config, **algorithm_kwargs)\n  File \"/Users/andreamaldonado/git_tree/tag/tag/generator.py\", line 145, in gen_log\n    return self.eval_log(log)\n  File \"/Users/andreamaldonado/git_tree/tag/tag/generator.py\", line 186, in eval_log\n    mtfs = self.compute_metafeatures(log)\n  File \"/Users/andreamaldonado/git_tree/tag/tag/generator.py\", line 181, in compute_metafeatures\n    ft_type = feature_type(ft_name)\n  File \"/Users/andreamaldonado/miniconda3/envs/tag/lib/python3.9/site-packages/feeed/feature_extractor.py\", line 36, in feature_type\n    raise ValueError(f\"ERROR: Invalid value for feature_key argument: {feature_name}. See README.md for \" +\nValueError: ERROR: Invalid value for feature_key argument: normalized_sequence_entropy_exponentg. See README.md for supported feature_names or use a sublist of the following: ['simple_stats', 'trace_length', 'trace_variant', 'activities', 'start_activities', 'end_activities', 'entropies', 'complexity', 'time_based'] or None\n",
        "error": "ValueError(\"ERROR: Invalid value for feature_key argument: normalized_sequence_entropy_exponentg. See README.md for supported feature_names or use a sublist of the following: ['simple_stats', 'trace_length', 'trace_variant', 'activities', 'start_activities', 'end_activities', 'entropies', 'complexity', 'time_based'] or None\")"
      }
    ],
    [
      5,
      null,
      209652396,
      null,
      [
        Infinity,
        Infinity,
        Infinity
      ],
      0.0,
      2,
      1706651001.334045,
      1706651001.558181,
      {
        "traceback": "Traceback (most recent call last):\n  File \"/Users/andreamaldonado/miniconda3/envs/tag/lib/python3.9/site-packages/smac/runner/target_function_runner.py\", line 184, in run\n    rval = self(config_copy, target_function, kwargs)\n  File \"/Users/andreamaldonado/miniconda3/envs/tag/lib/python3.9/site-packages/smac/runner/target_function_runner.py\", line 257, in __call__\n    return algorithm(config, **algorithm_kwargs)\n  File \"/Users/andreamaldonado/git_tree/tag/tag/generator.py\", line 145, in gen_log\n    return self.eval_log(log)\n  File \"/Users/andreamaldonado/git_tree/tag/tag/generator.py\", line 186, in eval_log\n    mtfs = self.compute_metafeatures(log)\n  File \"/Users/andreamaldonado/git_tree/tag/tag/generator.py\", line 181, in compute_metafeatures\n    ft_type = feature_type(ft_name)\n  File \"/Users/andreamaldonado/miniconda3/envs/tag/lib/python3.9/site-packages/feeed/feature_extractor.py\", line 36, in feature_type\n    raise ValueError(f\"ERROR: Invalid value for feature_key argument: {feature_name}. See README.md for \" +\nValueError: ERROR: Invalid value for feature_key argument: normalized_sequence_entropy_exponentg. See README.md for supported feature_names or use a sublist of the following: ['simple_stats', 'trace_length', 'trace_variant', 'activities', 'start_activities', 'end_activities', 'entropies', 'complexity', 'time_based'] or None\n",
        "error": "ValueError(\"ERROR: Invalid value for feature_key argument: normalized_sequence_entropy_exponentg. See README.md for supported feature_names or use a sublist of the following: ['simple_stats', 'trace_length', 'trace_variant', 'activities', 'start_activities', 'end_activities', 'entropies', 'complexity', 'time_based'] or None\")"
      }
    ]
  ],
  "configs": {
    "1": {
      "choice": 0.27420973585918546,
      "duplicate": 0,
      "loop": 0.6243590484932066,
      "lt_dependency": 0.11643280289135872,
      "mode": 12,
      "num_traces": 876,
      "or": 0,
      "parallel": 0.5005605065450072,
      "sequence": 0.9603757594153285,
      "silent": 0.9968127990048379
    },
    "2": {
      "choice": 0.892855270774259,
      "duplicate": 0,
      "loop": 0.09625800670452529,
      "lt_dependency": 0.7827238845235909,
      "mode": 32,
      "num_traces": 715,
      "or": 0,
      "parallel": 0.1376370346783048,
      "sequence": 0.1696964227061463,
      "silent": 0.14680112183512767
    },
    "3": {
      "choice": 0.7180374727086953,
      "duplicate": 0,
      "loop": 0.38960710363751994,
      "lt_dependency": 0.8342936470924586,
      "mode": 28,
      "num_traces": 612,
      "or": 0,
      "parallel": 0.442661634261348,
      "sequence": 0.3700736632331964,
      "silent": 0.2607586865143843
    },
    "4": {
      "choice": 0.6494351719359895,
      "duplicate": 0,
      "loop": 0.9263406719097345,
      "lt_dependency": 0.8011669785745563,
      "mode": 19,
      "num_traces": 656,
      "or": 0,
      "parallel": 0.6739314909219778,
      "sequence": 0.11102436264054778,
      "silent": 0.11927138975266208
    },
    "5": {
      "choice": 0.6067357423109274,
      "duplicate": 0,
      "loop": 0.7938077877018379,
      "lt_dependency": 0.780375183440352,
      "mode": 10,
      "num_traces": 116,
      "or": 0,
      "parallel": 0.7006548839679922,
      "sequence": 0.5744948027137008,
      "silent": 0.47164766512774325
    }
  },
  "config_origins": {
    "1": "Initial Design: Sobol",
    "2": "Acquisition Function Maximizer: Random Search (sorted)",
    "3": "Acquisition Function Maximizer: Random Search (sorted)",
    "4": "Acquisition Function Maximizer: Random Search (sorted)",
    "5": "Acquisition Function Maximizer: Random Search (sorted)"
  }
}